setting 'ivy.default.settings.dir' to 'jar:file:/home/lew/.bin/sbt-launch.jar!/org/apache/ivy/core/settings'
setting 'ivy.basedir' to '/home/lew/Mondrian-Clustering/.'
setting 'ivy.default.conf.dir' to 'jar:file:/home/lew/.bin/sbt-launch.jar!/org/apache/ivy/core/settings'
impossible to define new type: class not found: org.apache.ivy.plugins.version.PatternVersionMatcher in [] nor Ivy classloader
impossible to define new type: class not found: org.apache.ivy.plugins.trigger.LogTrigger in [] nor Ivy classloader
impossible to define new type: class not found: org.apache.ivy.plugins.resolver.VsftpResolver in [] nor Ivy classloader
impossible to define new type: class not found: org.apache.ivy.plugins.conflict.RegexpConflictManager in [] nor Ivy classloader
impossible to define new type: class not found: org.apache.ivy.plugins.resolver.SshResolver in [] nor Ivy classloader
impossible to define new type: class not found: org.apache.ivy.plugins.resolver.VfsResolver in [] nor Ivy classloader
impossible to define new type: class not found: org.apache.ivy.plugins.resolver.SFTPResolver in [] nor Ivy classloader
impossible to define new type: class not found: org.apache.ivy.plugins.resolver.packager.PackagerResolver in [] nor Ivy classloader
impossible to define new type: class not found: org.apache.ivy.ant.AntCallTrigger in [] nor Ivy classloader
impossible to define new type: class not found: org.apache.ivy.plugins.resolver.IvyRepResolver in [] nor Ivy classloader
impossible to define new type: class not found: org.apache.ivy.ant.AntBuildTrigger in [] nor Ivy classloader
impossible to define glob matcher: org.apache.ivy.plugins.matcher.GlobPatternMatcher was not found.
setting 'java.runtime.name' to 'Java(TM) SE Runtime Environment'
setting 'sun.boot.library.path' to '/usr/lib/jvm/java-6-sun-1.6.0.16/jre/lib/amd64'
setting 'java.vm.version' to '14.2-b01'
setting 'java.vm.vendor' to 'Sun Microsystems Inc.'
setting 'java.vendor.url' to 'http://java.sun.com/'
setting 'path.separator' to ':'
setting 'java.vm.name' to 'Java HotSpot(TM) 64-Bit Server VM'
setting 'file.encoding.pkg' to 'sun.io'
setting 'sun.java.launcher' to 'SUN_STANDARD'
setting 'user.country' to 'PL'
setting 'sun.os.patch.level' to 'unknown'
setting 'java.vm.specification.name' to 'Java Virtual Machine Specification'
setting 'user.dir' to '/home/lew/Mondrian-Clustering'
setting 'java.runtime.version' to '1.6.0_16-b01'
setting 'java.awt.graphicsenv' to 'sun.awt.X11GraphicsEnvironment'
setting 'java.endorsed.dirs' to '/usr/lib/jvm/java-6-sun-1.6.0.16/jre/lib/endorsed'
setting 'os.arch' to 'amd64'
setting 'java.io.tmpdir' to '/tmp'
setting 'line.separator' to '
'
setting 'java.vm.specification.vendor' to 'Sun Microsystems Inc.'
setting 'os.name' to 'Linux'
setting 'sun.jnu.encoding' to 'UTF-8'
setting 'java.library.path' to '/usr/lib/jvm/java-6-sun-1.6.0.16/jre/lib/amd64/server:/usr/lib/jvm/java-6-sun-1.6.0.16/jre/lib/amd64:/usr/lib/jvm/java-6-sun-1.6.0.16/jre/../lib/amd64:/usr/java/packages/lib/amd64:/lib:/usr/lib'
setting 'java.specification.name' to 'Java Platform API Specification'
setting 'java.class.version' to '50.0'
setting 'sun.management.compiler' to 'HotSpot 64-Bit Server Compiler'
setting 'os.version' to '2.6.28-18-generic'
setting 'user.home' to '/home/lew'
setting 'user.timezone' to 'Poland'
setting 'java.awt.printerjob' to 'sun.print.PSPrinterJob'
setting 'file.encoding' to 'UTF-8'
setting 'java.specification.version' to '1.6'
setting 'java.class.path' to '/home/lew/.bin/sbt-launch.jar'
setting 'user.name' to 'lew'
setting 'java.vm.specification.version' to '1.0'
setting 'java.home' to '/usr/lib/jvm/java-6-sun-1.6.0.16/jre'
setting 'sun.arch.data.model' to '64'
setting 'user.language' to 'pl'
setting 'java.specification.vendor' to 'Sun Microsystems Inc.'
setting 'java.vm.info' to 'mixed mode'
setting 'java.version' to '1.6.0_16'
setting 'java.ext.dirs' to '/usr/lib/jvm/java-6-sun-1.6.0.16/jre/lib/ext:/usr/java/packages/lib/ext'
setting 'sun.boot.class.path' to '/usr/lib/jvm/java-6-sun-1.6.0.16/jre/lib/resources.jar:/usr/lib/jvm/java-6-sun-1.6.0.16/jre/lib/rt.jar:/usr/lib/jvm/java-6-sun-1.6.0.16/jre/lib/sunrsasign.jar:/usr/lib/jvm/java-6-sun-1.6.0.16/jre/lib/jsse.jar:/usr/lib/jvm/java-6-sun-1.6.0.16/jre/lib/jce.jar:/usr/lib/jvm/java-6-sun-1.6.0.16/jre/lib/charsets.jar:/usr/lib/jvm/java-6-sun-1.6.0.16/jre/classes'
setting 'java.vendor' to 'Sun Microsystems Inc.'
setting 'file.separator' to '/'
setting 'java.vendor.url.bug' to 'http://java.sun.com/cgi-bin/bugreport.cgi'
setting 'sun.io.unicode.encoding' to 'UnicodeLittle'
setting 'sun.cpu.endian' to 'little'
setting 'sun.desktop' to 'gnome'
setting 'sun.cpu.isalist' to ''
setting 'ivy.default.ivy.user.dir' to '/home/lew/.ivy2'
setting 'ivy.home' to '/home/lew/.ivy2'
no default ivy user dir defined: set to /home/lew/.ivy2
setting 'ivy.cache.dir' to '/home/lew/.ivy2/cache'
no default cache defined: set to /home/lew/.ivy2/cache
setting 'ivy.basedir' to '/home/lew/Mondrian-Clustering/project/boot'
setting 'basedir' to '/home/lew/Mondrian-Clustering/project/boot'
setting 'scala' to '2.7.7'
:: resolving dependencies :: org.scala-tools.sbt#boot-scala;1.0
	confs: [default]
	validate = true
	refresh = false
resolving dependencies for configuration 'default'
== resolving dependencies for org.scala-tools.sbt#boot-scala;1.0 [default]
loadData of org.scala-tools.sbt#boot-scala;1.0 of rootConf=default
== resolving dependencies org.scala-tools.sbt#boot-scala;1.0->org.scala-lang#scala-compiler;2.7.7 [default->default]
loadData of org.scala-lang#scala-compiler;2.7.7 of rootConf=default
	using redefined-public to resolve org.scala-lang#scala-compiler;2.7.7
redefined-public: Checking cache for: dependency: org.scala-lang#scala-compiler;2.7.7 {default=[default]}
redefined-public: no namespace defined: using system
No entry is found in the ModuleDescriptorCache : /home/lew/.ivy2/cache/org.scala-lang/scala-compiler/ivy-2.7.7.xml
installing class org.apache.ivy.util.url.IvyAuthenticator
pre 1.3 ivy file: using exactOrRegexp as default matcher
	found ivy file in cache for org.scala-lang#scala-compiler;2.7.7 (resolved by Maven Central): /home/lew/.ivy2/cache/org.scala-lang/scala-compiler/ivy-2.7.7.xml
redefined-public: module revision found in cache: org.scala-lang#scala-compiler;2.7.7
redefined-public: no latest strategy defined: using default
	found org.scala-lang#scala-compiler;2.7.7 in Maven Central
== resolving dependencies org.scala-tools.sbt#boot-scala;1.0->org.scala-lang#scala-compiler;2.7.7 [default->runtime]
loadData of org.scala-lang#scala-compiler;2.7.7 of rootConf=default
== resolving dependencies org.scala-tools.sbt#boot-scala;1.0->org.scala-lang#scala-compiler;2.7.7 [default->compile]
loadData of org.scala-lang#scala-compiler;2.7.7 of rootConf=default
== resolving dependencies org.scala-lang#scala-compiler;2.7.7->org.scala-lang#scala-library;2.7.7 [compile->master(*)]
loadData of org.scala-lang#scala-library;2.7.7 of rootConf=default
	using redefined-public to resolve org.scala-lang#scala-library;2.7.7
redefined-public: Checking cache for: dependency: org.scala-lang#scala-library;2.7.7 {compile=[compile(*), master(*)], runtime=[runtime(*)]}
	no ivy file in cache for org.scala-lang#scala-library;2.7.7: tried /home/lew/.ivy2/cache/org.scala-lang/scala-library/ivy-2.7.7.xml
local: no namespace defined: using system
	no ivy file in cache for org.scala-lang#scala-library;2.7.7: tried /home/lew/.ivy2/cache/org.scala-lang/scala-library/ivy-2.7.7.xml
	 trying /home/lew/.ivy2/local/org.scala-lang/scala-library/2.7.7/ivys/ivy.xml
		tried /home/lew/.ivy2/local/org.scala-lang/scala-library/2.7.7/ivys/ivy.xml
	local: resource not reachable for org.scala-lang#scala-library;2.7.7: res=/home/lew/.ivy2/local/org.scala-lang/scala-library/2.7.7/ivys/ivy.xml
	 trying /home/lew/.ivy2/local/org.scala-lang/scala-library/2.7.7/jars/scala-library.jar
		tried /home/lew/.ivy2/local/org.scala-lang/scala-library/2.7.7/jars/scala-library.jar
	local: resource not reachable for org.scala-lang#scala-library;2.7.7: res=/home/lew/.ivy2/local/org.scala-lang/scala-library/2.7.7/jars/scala-library.jar
	local: no ivy file nor artifact found for org.scala-lang#scala-librar